Case #1: 33.33333 66.66667
Case #2: 0.00000 100.00000
Case #3: 25.00000 25.00000 25.00000 25.00000
Case #4: 34.66667 26.66667 38.66667
Case #5: 14.28571 14.28571 14.28571 14.28571 0.00000 14.28571 14.28571 14.28571
Case #6: 50.00000 50.00000
Case #7: 11.43317 10.39798 10.81205 11.64021 11.43317 9.98390 10.39798 0.00000 12.05429 11.84725
Case #8: 10.00000 10.00000 10.00000 10.00000 10.00000 10.00000 10.00000 10.00000 10.00000 10.00000
Case #9: 2.27273 13.86364 14.31818 13.86364 13.86364 14.31818 13.86364 13.63636
Case #10: 10.04510 13.18163 13.18163 12.25912 12.81263 8.56909 7.64658 10.22960 12.07462
Case #11: 47.27273 52.72727
Case #12: 0.00000 25.00000 25.00000 25.00000 25.00000 0.00000 0.00000
Case #13: 66.66667 33.33333
Case #14: 9.90991 9.72973 10.63063 9.54955 11.71171 9.36937 9.18919 12.07207 9.72973 8.10811
Case #15: 11.11111 11.11111 11.11111 11.11111 11.11111 11.11111 11.11111 11.11111 11.11111 0.00000
Case #16: 0.00000 19.48998 17.85064 5.39162 10.96539 9.98179 8.34244 19.48998 7.68670 0.80146
Case #17: 86.20690 13.79310
Case #18: 16.66667 16.66667 16.66667 16.66667 16.66667 16.66667
Case #19: 0.00000 100.00000
Case #20: 19.93355 0.00000 0.00000 0.00000 19.93355 0.00000 20.26578 19.93355 19.93355
