Case #1: our language is impossible to understand
Case #2: there are twenty six factorial possibilities
Case #3: so it is okay if you want to just give up
Case #4: xoggk d yl wxo vkkvgo ekso uyl wonw sywy
Case #5: xkf yto akj
Case #6: yabba dabba yabba dabba yabba dabba yabba dabba yabba dabba yabba dabba yabba dabba yabba dooooooooo
Case #7: a b c d e f g h i j k l m n o p z r s t u v y w x y z now i know my abcs
Case #8: next time wont you sing with me
Case #9: friends dont let friends let scientific progress go boink
Case #10: dr zaius dr zaius dr zaius dr zaius ooooooooooooh dr zaius
Case #11: you better cut the pizza in four pieces because im not hungry enough to eat six
Case #12: by the pricking of my thumbs something wicked this way comes
Case #13: swift as the wind zuiet as the forest steady as the mountain
Case #14: our code jam is like the pythagorean theorem
Case #15: there is no answer
Case #16: translating text is not goros strength
Case #17: strength is goros strength
Case #18: in a world of direwolves and lions sometimes the rarest creature is a friend
Case #19: whoooooooooooooooooooaaaaaaaaa i know c plus plus
Case #20: an eye for an eye and a pigeon for a pigeon
Case #21: thank you but the real googlerese is in another castle
Case #22: for those who speak in a tongue do not speak to other people
Case #23: nobody understands them since they are speaking mysteries in the spirit
Case #24: now that you know googlerese please do not use it to hack into our systems
Case #25: f of two ezuals f of one ezuals one
Case #26: for i between three and n f of i ezuals f of i minus one plus f of i minus two
Case #27: it was the best of times it was the blurst of times
Case #28: why do programmers always mix up halloween and christmas
Case #29: my name is dug i have just met you and i looove you
Case #30: pneumonoultramicroscopicsilicovolcanoconiosis
