Case #1: our language is impossible to understand
Case #2: there are twenty six factorial possibilities
Case #3: so it is okay if you want to just give up
Case #4: xoggk d yl wxo vkkvgo ekso uyl wonw sywy
Case #5: xkf yto akj
Case #6: yabba dabba yabba dabba yabba dabba yabba dabba yabba dabba yabba dabba yabba dabba yabba dooooooooo
Case #7: a b c d e f g h i j k l m n o p q r s t u v y w x y z now i know my abcs
Case #8: next time wont you sing with me
Case #9: whoooooooooooooooooooaaaaaaaaa i know c plus plus
Case #10: why do programmers always mix up halloween and christmas
Case #11: my name is dug i have just met you and i looove you
Case #12: oh yeah alright were gonna shake it up with the party bear tonight
Case #13: you want sell things at me boing zooom
Case #14: in a world of direwolves and lions sometimes the rarest creature is a friend
Case #15: im commander shepard and this is my favorite problem on the google code jam
Case #16: now that you know googlerese please do not use it to hack into our systems
Case #17: now is the summer of our lack of discontent
Case #18: our code jam is like the pythagorean theorem
Case #19: there is no answer
Case #20: greetings cheese popsicle the number you have dialed is currently out of porkchops
Case #21: this here is gunpowder activated twenty seven caliber full auto no kickback nailthrowing mayhem
Case #22: all your base are belong to error the spoony bard
Case #23: translating text is not goros strength
Case #24: strength is goros strength
Case #25: oh nooooo goggalor is headed for the orphanage
Case #26: oh my god lets make out
Case #27: this is so exciting i have to go the bathroom
Case #28: swift as the wind quiet as the forest steady as the mountain
Case #29: friends dont let friends let scientific progress go boink
Case #30: thank you but the real googlerese is in another castle
